\BOOKMARK [0][-]{chapter.1}{\376\377\000I\000n\000t\000r\000o\000d\000u\000c\000t\000i\000o\000n}{}% 1
\BOOKMARK [1][-]{section.1.1}{\376\377\000T\000o\000o\000l\000s}{chapter.1}% 2
\BOOKMARK [1][-]{section.1.2}{\376\377\000D\000e\000v\000e\000l\000o\000p\000e\000r\000s}{chapter.1}% 3
\BOOKMARK [1][-]{section.1.3}{\376\377\000B\000r\000o\000w\000s\000e\000\040\000M\000o\000d\000u\000l\000e\000s\000\040\000a\000n\000d\000\040\000F\000u\000n\000c\000t\000i\000o\000n\000s}{chapter.1}% 4
\BOOKMARK [0][-]{chapter.2}{\376\377\000I\000n\000s\000t\000a\000l\000l\000a\000t\000i\000o\000n}{}% 5
\BOOKMARK [1][-]{section.2.1}{\376\377\000H\000o\000w\000\040\000t\000o\000\040\000G\000e\000t\000\040\000L\000a\000u\000e\000T\000o\000o\000l\000s\000\040\000c\000o\000d\000e}{chapter.2}% 6
\BOOKMARK [1][-]{section.2.2}{\376\377\000B\000u\000i\000l\000d\000\040\000L\000a\000u\000e\000T\000o\000o\000l\000s\000\040\000D\000o\000c\000u\000m\000e\000n\000t\000a\000t\000i\000o\000n}{chapter.2}% 7
\BOOKMARK [0][-]{chapter.3}{\376\377\000G\000e\000t\000t\000i\000n\000g\000\040\000s\000t\000a\000r\000t\000e\000d}{}% 8
\BOOKMARK [1][-]{section.3.1}{\376\377\000L\000a\000u\000n\000c\000h\000\040\000G\000r\000a\000p\000h\000i\000c\000a\000l\000\040\000U\000s\000e\000r\000\040\000I\000n\000t\000e\000r\000f\000a\000c\000e\000s\000\040\000o\000f\000\040\000L\000a\000u\000e\000T\000o\000o\000l\000s}{chapter.3}% 9
\BOOKMARK [0][-]{chapter.4}{\376\377\000C\000o\000n\000v\000e\000n\000t\000i\000o\000n\000s}{}% 10
\BOOKMARK [1][-]{section.4.1}{\376\377\000M\000a\000t\000h\000e\000m\000a\000t\000i\000c\000s\000\040\000a\000n\000d\000\040\000C\000o\000n\000v\000e\000n\000t\000i\000o\000n\000s}{chapter.4}% 11
\BOOKMARK [0][-]{chapter.5}{\376\377\000G\000r\000a\000p\000h\000i\000c\000a\000l\000\040\000U\000s\000e\000r\000\040\000I\000n\000t\000e\000r\000f\000a\000c\000e\000s}{}% 12
\BOOKMARK [1][-]{section.5.1}{\376\377\000I\000n\000t\000e\000r\000a\000c\000t\000i\000v\000e\000\040\000G\000r\000a\000p\000h\000i\000c\000a\000l\000\040\000U\000s\000e\000r\000\040\000I\000n\000t\000e\000r\000f\000a\000c\000e\000s}{chapter.5}% 13
\BOOKMARK [1][-]{section.5.2}{\376\377\000B\000a\000t\000c\000h\000\040\000P\000r\000o\000c\000e\000s\000s\000i\000n\000g\000\040\000G\000r\000a\000p\000h\000i\000c\000a\000l\000\040\000U\000s\000e\000r\000\040\000I\000n\000t\000e\000r\000f\000a\000c\000e\000s}{chapter.5}% 14
\BOOKMARK [0][-]{chapter.6}{\376\377\000T\000u\000t\000o\000r\000i\000a\000l\000s}{}% 15
\BOOKMARK [1][-]{section.6.1}{\376\377\000B\000a\000s\000i\000c\000s\000\040\000o\000f\000\040\000L\000a\000u\000e\000\040\000P\000a\000t\000t\000e\000r\000n\000\040\000p\000e\000a\000k\000\040\000s\000e\000a\000r\000c\000h\000\040\000a\000n\000d\000\040\000U\000n\000i\000t\000\040\000c\000e\000l\000l\000\040\000R\000e\000f\000i\000n\000e\000m\000e\000n\000t}{chapter.6}% 16
\BOOKMARK [1][-]{section.6.2}{\376\377\000I\000n\000d\000e\000x\000a\000t\000i\000o\000n\000\040\000o\000f\000\040\000s\000p\000o\000t\000s\000\040\000d\000a\000t\000a\000\040\000s\000e\000t\000.}{chapter.6}% 17
\BOOKMARK [0][-]{chapter.7}{\376\377\000L\000a\000u\000e\000T\000o\000o\000l\000s\000\040\000M\000o\000d\000u\000l\000e\000s}{}% 18
\BOOKMARK [1][-]{section.7.1}{\376\377\000B\000r\000o\000w\000s\000e\000\040\000M\000o\000d\000u\000l\000e\000s\000\040\000a\000n\000d\000\040\000F\000u\000n\000c\000t\000i\000o\000n\000s}{chapter.7}% 19
\BOOKMARK [1][-]{section.7.2}{\376\377\000M\000o\000d\000u\000l\000e\000s\000\040\000f\000o\000r\000\040\000L\000a\000u\000e\000\040\000P\000a\000t\000t\000e\000r\000n\000\040\000S\000i\000m\000u\000l\000a\000t\000i\000o\000n}{chapter.7}% 20
\BOOKMARK [1][-]{section.7.3}{\376\377\000M\000o\000d\000u\000l\000e\000s\000\040\000f\000o\000r\000\040\000D\000i\000g\000i\000t\000a\000l\000\040\000I\000m\000a\000g\000e\000\040\000p\000r\000o\000c\000e\000s\000s\000i\000n\000g\000,\000\040\000P\000e\000a\000k\000\040\000S\000e\000a\000r\000c\000h\000\040\000\046\000\040\000F\000i\000t\000t\000i\000n\000g}{chapter.7}% 21
\BOOKMARK [1][-]{section.7.4}{\376\377\000M\000o\000d\000u\000l\000e\000s\000\040\000f\000o\000r\000\040\000L\000a\000u\000e\000\040\000P\000a\000t\000t\000e\000r\000n\000\040\000I\000n\000d\000e\000x\000a\000t\000i\000o\000n}{chapter.7}% 22
\BOOKMARK [1][-]{section.7.5}{\376\377\000M\000o\000d\000u\000l\000e\000s\000\040\000f\000o\000r\000\040\000C\000r\000y\000s\000t\000a\000l\000\040\000u\000n\000i\000t\000\040\000c\000e\000l\000l\000\040\000r\000e\000f\000i\000n\000e\000m\000e\000n\000t}{chapter.7}% 23
\BOOKMARK [1][-]{section.7.6}{\376\377\000M\000o\000d\000u\000l\000e\000s\000\040\000f\000o\000r\000\040\000b\000a\000t\000c\000h\000\040\000p\000r\000o\000c\000e\000s\000s\000i\000n\000g}{chapter.7}% 24
\BOOKMARK [0][-]{section*.207}{\376\377\000P\000y\000t\000h\000o\000n\000\040\000M\000o\000d\000u\000l\000e\000\040\000I\000n\000d\000e\000x}{}% 25
\BOOKMARK [0][-]{section*.208}{\376\377\000I\000n\000d\000e\000x}{}% 26
